<?xml version="1.0" encoding="UTF-8"?>
<!-- Generated by org.testng.reporters.JUnitReportReporter -->
<testsuite hostname="IVARSYS3" failures="0" tests="1" name="com.testcases.Finance1" time="51.107" errors="0" timestamp="2023-11-29T06:30:07 IST" skipped="0">
  <testcase classname="com.testcases.Finance1" name="Addfinance" time="51.107"/>
  <system-out/>
</testsuite> <!-- com.testcases.Finance1 -->
