<?xml version="1.0" encoding="UTF-8"?>
<!-- Generated by org.testng.reporters.JUnitReportReporter -->
<testsuite hostname="IVARSYS3" failures="0" tests="1" name="com.testcases.attendence1" time="45.684" errors="0" timestamp="2023-11-29T08:59:18 IST" skipped="0">
  <testcase classname="com.testcases.attendence1" name="set" time="45.684"/>
  <system-out/>
</testsuite> <!-- com.testcases.attendence1 -->
