<?xml version="1.0" encoding="UTF-8"?>
<!-- Generated by org.testng.reporters.JUnitReportReporter -->
<testsuite hostname="DESKTOP-MCPSJPS" failures="0" tests="1" name="com.testcases.Subcategories1" time="37.641" errors="0" timestamp="2023-10-19T15:39:08 IST" skipped="0">
  <testcase classname="com.testcases.Subcategories1" name="Setup" time="37.641"/>
  <system-out/>
</testsuite> <!-- com.testcases.Subcategories1 -->
