<?xml version="1.0" encoding="UTF-8"?>
<!-- Generated by org.testng.reporters.JUnitReportReporter -->
<testsuite hostname="DESKTOP-MCPSJPS" failures="0" tests="1" name="com.testcases.Usertype1" time="38.339" errors="0" timestamp="2023-10-27T11:03:04 IST" skipped="0">
  <testcase classname="com.testcases.Usertype1" name="Setup" time="38.339"/>
  <system-out/>
</testsuite> <!-- com.testcases.Usertype1 -->
