<?xml version="1.0" encoding="UTF-8"?>
<!-- Generated by org.testng.reporters.JUnitReportReporter -->
<testsuite hostname="DESKTOP-MCPSJPS" failures="0" tests="1" name="com.testcases.Categories1" time="27.931" errors="0" timestamp="2023-10-19T12:05:08 IST" skipped="0">
  <testcase classname="com.testcases.Categories1" name="Setup" time="27.931"/>
  <system-out/>
</testsuite> <!-- com.testcases.Categories1 -->
