<?xml version="1.0" encoding="UTF-8"?>
<!-- Generated by org.testng.reporters.JUnitReportReporter -->
<testsuite hostname="IVARSYS3" failures="0" tests="1" name="com.testcases.Company1" time="50.818" errors="0" timestamp="2023-11-28T11:16:39 IST" skipped="0">
  <testcase classname="com.testcases.Company1" name="Setup" time="50.818"/>
  <system-out/>
</testsuite> <!-- com.testcases.Company1 -->
