<?xml version="1.0" encoding="UTF-8"?>
<!-- Generated by org.testng.reporters.JUnitReportReporter -->
<testsuite hostname="DESKTOP-MCPSJPS" failures="0" tests="1" name="com.testcases.addproduct_test" time="33.648" errors="0" timestamp="2023-10-13T15:48:48 IST" skipped="0">
  <testcase classname="com.testcases.addproduct_test" name="Addproductvalidation" time="33.648"/>
</testsuite> <!-- com.testcases.addproduct_test -->
