<?xml version="1.0" encoding="UTF-8"?>
<!-- Generated by org.testng.reporters.JUnitReportReporter -->
<testsuite hostname="DESKTOP-MCPSJPS" failures="0" tests="1" name="com.testcases.Holiday1" time="44.951" errors="0" timestamp="2023-10-27T11:33:02 IST" skipped="0">
  <testcase classname="com.testcases.Holiday1" name="Addholiday" time="44.951"/>
  <system-out/>
</testsuite> <!-- com.testcases.Holiday1 -->
