<?xml version="1.0" encoding="UTF-8"?>
<!-- Generated by org.testng.reporters.JUnitReportReporter -->
<testsuite hostname="DESKTOP-MCPSJPS" failures="0" tests="1" name="com.testcases.Shifts1" time="41.567" errors="0" timestamp="2023-10-27T12:01:51 IST" skipped="0">
  <testcase classname="com.testcases.Shifts1" name="Setup" time="41.567"/>
  <system-out/>
</testsuite> <!-- com.testcases.Shifts1 -->
