<?xml version="1.0" encoding="UTF-8"?>
<!-- Generated by org.testng.reporters.JUnitReportReporter -->
<testsuite hostname="DESKTOP-MCPSJPS" failures="0" tests="1" name="com.testcases.Location1" time="26.587" errors="0" timestamp="2023-10-20T10:57:10 IST" skipped="0">
  <testcase classname="com.testcases.Location1" name="Setup" time="26.587"/>
  <system-out/>
</testsuite> <!-- com.testcases.Location1 -->
