<?xml version="1.0" encoding="UTF-8"?>
<!-- Generated by org.testng.reporters.JUnitReportReporter -->
<testsuite hostname="DESKTOP-MCPSJPS" failures="0" tests="1" name="com.testcases.Company1" time="53.477" errors="0" timestamp="2023-10-27T10:54:17 IST" skipped="0">
  <testcase classname="com.testcases.Company1" name="Setup" time="53.477"/>
  <system-out/>
</testsuite> <!-- com.testcases.Company1 -->
