<?xml version="1.0" encoding="UTF-8"?>
<!-- Generated by org.testng.reporters.JUnitReportReporter -->
<testsuite hostname="DESKTOP-MCPSJPS" failures="0" tests="1" name="com.testcases.Loggingout" time="11.574" errors="0" timestamp="2023-10-19T10:37:59 IST" skipped="0">
  <testcase classname="com.testcases.Loggingout" name="Logedout" time="11.574"/>
  <system-out/>
</testsuite> <!-- com.testcases.Loggingout -->
