<?xml version="1.0" encoding="UTF-8"?>
<!-- Generated by org.testng.reporters.JUnitReportReporter -->
<testsuite hostname="DESKTOP-MCPSJPS" failures="0" tests="1" name="com.testcases.Condition1" time="29.541" errors="0" timestamp="2023-10-20T12:09:42 IST" skipped="0">
  <testcase classname="com.testcases.Condition1" name="Setup" time="29.541"/>
  <system-out/>
</testsuite> <!-- com.testcases.Condition1 -->
